<?xml version="1.0" encoding="UTF-8"?>
<testng-results ignored="0" total="1" passed="1" failed="0" skipped="0">
  <reporter-output>
  </reporter-output>
  <suite started-at="2025-06-11T11:54:12 IST" name="Default suite" finished-at="2025-06-11T11:54:54 IST" duration-ms="41814">
    <groups>
    </groups>
    <test started-at="2025-06-11T11:54:12 IST" name="Default test" finished-at="2025-06-11T11:54:54 IST" duration-ms="41814">
      <class name="org.day30.Navigation">
        <test-method signature="fk()[pri:0, instance:org.day30.Navigation@15a34df2]" started-at="2025-06-11T11:54:12 IST" name="fk" finished-at="2025-06-11T11:54:54 IST" duration-ms="41744" status="PASS">
          <reporter-output>
          </reporter-output>
        </test-method> <!-- fk -->
      </class> <!-- org.day30.Navigation -->
    </test> <!-- Default test -->
  </suite> <!-- Default suite -->
</testng-results>
