<?xml version="1.0" encoding="UTF-8"?>
<!-- Generated by org.testng.reporters.JUnitReportReporter -->
<testsuite hostname="LAPTOP-BR2K3LT2" failures="0" tests="3" name="org.utility.Advantage" time="14.722" errors="0" timestamp="2025-05-28T16:15:50 IST" skipped="0">
  <testcase classname="org.utility.Advantage" name="Chrome" time="9.591"/>
  <testcase classname="org.utility.Advantage" name="Book" time="4.539"/>
  <testcase classname="org.utility.Advantage" name="Book1" time="0.592"/>
</testsuite> <!-- org.utility.Advantage -->
