<?xml version="1.0" encoding="UTF-8"?>
<!-- Generated by org.testng.reporters.JUnitReportReporter -->
<testsuite hostname="LAPTOP-BR2K3LT2" failures="0" tests="3" name="org.utility.DemoWebShop" time="6.285" errors="0" timestamp="2025-05-28T18:29:51 IST" skipped="0">
  <testcase classname="org.utility.DemoWebShop" name="Chrome" time="4.371"/>
  <testcase classname="org.utility.DemoWebShop" name="UserDetail" time="0.894"/>
  <testcase classname="org.utility.DemoWebShop" name="Login" time="1.020"/>
</testsuite> <!-- org.utility.DemoWebShop -->
