<?xml version="1.0" encoding="UTF-8"?>
<!-- Generated by org.testng.reporters.JUnitReportReporter -->
<testsuite hostname="LAPTOP-BR2K3LT2" failures="0" tests="5" name="org.day30.Locator" time="44.107" errors="0" timestamp="2025-06-02T18:19:27 IST" skipped="0">
  <testcase classname="org.day30.Locator" name="fb" time="7.195"/>
  <testcase classname="org.day30.Locator" name="fb1" time="5.773"/>
  <testcase classname="org.day30.Locator" name="fk" time="11.046"/>
  <testcase classname="org.day30.Locator" name="DaD" time="7.516"/>
  <testcase classname="org.day30.Locator" name="Ro" time="12.577"/>
</testsuite> <!-- org.day30.Locator -->
