<?xml version="1.0" encoding="UTF-8"?>
<!-- Generated by org.testng.reporters.JUnitReportReporter -->
<testsuite hostname="LAPTOP-BR2K3LT2" failures="0" tests="3" name="org.flipkart.Flipkart" time="27.035" errors="0" timestamp="2025-06-02T11:05:28 IST" skipped="0">
  <testcase classname="org.flipkart.Flipkart" name="Chrome" time="8.198"/>
  <testcase classname="org.flipkart.Flipkart" name="Edge" time="8.501"/>
  <testcase classname="org.flipkart.Flipkart" name="Chrome1" time="10.336"/>
</testsuite> <!-- org.flipkart.Flipkart -->
