<?xml version="1.0" encoding="UTF-8"?>
<!-- Generated by org.testng.reporters.JUnitReportReporter -->
<testsuite hostname="LAPTOP-BR2K3LT2" failures="0" tests="4" name="org.utility.Amazon" time="25.144" errors="0" timestamp="2025-05-28T18:36:36 IST" skipped="0">
  <testcase classname="org.utility.Amazon" name="Chrome" time="3.162"/>
  <testcase classname="org.utility.Amazon" name="Pendrive" time="14.878"/>
  <testcase classname="org.utility.Amazon" name="Edge" time="4.424"/>
  <testcase classname="org.utility.Amazon" name="Laptop" time="2.680"/>
</testsuite> <!-- org.utility.Amazon -->
